Warning: Design 'top' has '6' unresolved references. For more detailed information, use the "link" command. (UID-341)
 
****************************************
Report : timing
        -path full
        -delay min
        -max_paths 4
Design : top
Version: R-2020.09-SP5
Date   : Wed Nov 19 18:15:43 2025
****************************************

 # A fanout number of 1000 was used for high fanout net computations.

Operating Conditions: PVT_1P08V_125C   Library: slow_vdd1v2
Wire Load Model Mode: enclosed

  Startpoint: C0/in_valid_buf_reg_1_
              (rising edge-triggered flip-flop clocked by clk)
  Endpoint: C0/ADDER/vpipe_reg_0_
            (rising edge-triggered flip-flop clocked by clk)
  Path Group: clk
  Path Type: min

  Des/Clust/Port     Wire Load Model       Library
  ------------------------------------------------
  top                Large                 slow_vdd1v2
  spike_adder_controller
                     Small                 slow_vdd1v2

  Point                                    Incr       Path
  -----------------------------------------------------------
  clock clk (rise edge)                    0.00       0.00
  clock network delay (ideal)              0.00       0.00
  C0/in_valid_buf_reg_1_/CK (DFFTRXL)      0.00 #     0.00 r
  C0/in_valid_buf_reg_1_/Q (DFFTRXL)       0.11       0.11 f
  C0/ADDER/in_valid (_56to1_adder)         0.00       0.11 f
  C0/ADDER/vpipe_reg_0_/D (DFFRHQX1)       0.01       0.12 f
  data arrival time                                   0.12

  clock clk (rise edge)                    0.00       0.00
  clock network delay (ideal)              0.00       0.00
  C0/ADDER/vpipe_reg_0_/CK (DFFRHQX1)      0.00       0.00 r
  library hold time                        0.00       0.00
  data required time                                  0.00
  -----------------------------------------------------------
  data required time                                  0.00
  data arrival time                                  -0.12
  -----------------------------------------------------------
  slack (MET)                                         0.12


  Startpoint: C0/ADDER/vpipe_reg_0_
              (rising edge-triggered flip-flop clocked by clk)
  Endpoint: C0/ADDER/vpipe_reg_1_
            (rising edge-triggered flip-flop clocked by clk)
  Path Group: clk
  Path Type: min

  Des/Clust/Port     Wire Load Model       Library
  ------------------------------------------------
  top                Large                 slow_vdd1v2
  _56to1_adder       Small                 slow_vdd1v2

  Point                                    Incr       Path
  -----------------------------------------------------------
  clock clk (rise edge)                    0.00       0.00
  clock network delay (ideal)              0.00       0.00
  C0/ADDER/vpipe_reg_0_/CK (DFFRHQX1)      0.00 #     0.00 r
  C0/ADDER/vpipe_reg_0_/Q (DFFRHQX1)       0.11       0.11 f
  C0/ADDER/vpipe_reg_1_/D (DFFRHQX1)       0.01       0.13 f
  data arrival time                                   0.13

  clock clk (rise edge)                    0.00       0.00
  clock network delay (ideal)              0.00       0.00
  C0/ADDER/vpipe_reg_1_/CK (DFFRHQX1)      0.00       0.00 r
  library hold time                        0.00       0.00
  data required time                                  0.00
  -----------------------------------------------------------
  data required time                                  0.00
  data arrival time                                  -0.13
  -----------------------------------------------------------
  slack (MET)                                         0.12


  Startpoint: C0/ADDER/vpipe_reg_1_
              (rising edge-triggered flip-flop clocked by clk)
  Endpoint: C0/ADDER/vpipe_reg_2_
            (rising edge-triggered flip-flop clocked by clk)
  Path Group: clk
  Path Type: min

  Des/Clust/Port     Wire Load Model       Library
  ------------------------------------------------
  top                Large                 slow_vdd1v2
  _56to1_adder       Small                 slow_vdd1v2

  Point                                    Incr       Path
  -----------------------------------------------------------
  clock clk (rise edge)                    0.00       0.00
  clock network delay (ideal)              0.00       0.00
  C0/ADDER/vpipe_reg_1_/CK (DFFRHQX1)      0.00 #     0.00 r
  C0/ADDER/vpipe_reg_1_/Q (DFFRHQX1)       0.11       0.11 f
  C0/ADDER/vpipe_reg_2_/D (DFFRHQX1)       0.01       0.13 f
  data arrival time                                   0.13

  clock clk (rise edge)                    0.00       0.00
  clock network delay (ideal)              0.00       0.00
  C0/ADDER/vpipe_reg_2_/CK (DFFRHQX1)      0.00       0.00 r
  library hold time                        0.00       0.00
  data required time                                  0.00
  -----------------------------------------------------------
  data required time                                  0.00
  data arrival time                                  -0.13
  -----------------------------------------------------------
  slack (MET)                                         0.12


  Startpoint: B1/clk_gate_counter_reg/latch
              (negative level-sensitive latch clocked by clk)
  Endpoint: B1/clk_gate_counter_reg/main_gate
            (gating element for clock clk)
  Path Group: clk
  Path Type: min

  Des/Clust/Port     Wire Load Model       Library
  ------------------------------------------------
  top                Large                 slow_vdd1v2
  SNPS_CLOCK_GATE_HIGH_bottleneck
                     Small                 slow_vdd1v2

  Point                                                   Incr       Path
  --------------------------------------------------------------------------
  clock clk (fall edge)                                   1.25       1.25
  clock network delay (ideal)                             0.00       1.25
  B1/clk_gate_counter_reg/latch/GN (TLATNXL)              0.00 #     1.25 f
  B1/clk_gate_counter_reg/latch/Q (TLATNXL)               0.11       1.36 r
  B1/clk_gate_counter_reg/main_gate/A (AND2XL)            0.01       1.37 r
  data arrival time                                                  1.37

  clock clk (fall edge)                                   1.25       1.25
  clock network delay (ideal)                             0.00       1.25
  B1/clk_gate_counter_reg/main_gate/B (AND2XL)            0.00       1.25 f
  clock gating hold time                                  0.00       1.25
  data required time                                                 1.25
  --------------------------------------------------------------------------
  data required time                                                 1.25
  data arrival time                                                 -1.37
  --------------------------------------------------------------------------
  slack (MET)                                                        0.12


1
