Warning: Design 'top' has '6' unresolved references. For more detailed information, use the "link" command. (UID-341)
 
****************************************
Report : resources
Design : top
Version: R-2020.09-SP5
Date   : Wed Nov 19 18:15:53 2025
****************************************


Resource Report for this hierarchy in file ../source/top.v
=============================================================================
| Cell           | Module         | Parameters | Contained Operations       |
=============================================================================
| lt_x_1         | DW_cmp         | width=10   | lt_70 (top.v:70)           |
| sub_x_2        | DW01_sub       | width=10   | sub_70_aco (top.v:70)      |
| add_x_5        | DW01_add       | width=10   | add_220 (top.v:220)        |
| eq_x_1615      | DW_cmp         | width=11   | eq_304 (top.v:304)         |
| eq_x_1616      | DW_cmp         | width=11   | eq_323 (top.v:323)         |
| sub_x_1634     | DW01_dec       | width=2    | sub_396_S2 (top.v:396)     |
| add_x_1635     | DW01_inc       | width=2    | add_397 (top.v:397)        |
| lt_x_1689      | DW_cmp         | width=10   | lt_463 (top.v:463)         |
|                |                |            | lt_468 (top.v:468)         |
|                |                |            | lt_492 (top.v:492)         |
|                |                |            | lt_494 (top.v:494)         |
| add_x_1608     | DW01_inc       | width=11   | add_271 (top.v:271)        |
|                |                |            | add_275 (top.v:275)        |
|                |                |            | add_279 (top.v:279)        |
|                |                |            | add_283 (top.v:283)        |
| add_x_1628     | DW01_inc       | width=10   | add_374 (top.v:374)        |
|                |                |            | add_377 (top.v:377)        |
| eq_x_1690      | DW_cmp         | width=11   | eq_295 (top.v:295)         |
|                |                |            | eq_313 (top.v:313)         |
| DP_OP_13954J1_122_9294          |            |                            |
|                | DP_OP_13954J1_122_9294 |    |                            |
| DP_OP_13955J1_123_9294          |            |                            |
|                | DP_OP_13955J1_123_9294 |    |                            |
| DP_OP_13956J1_124_4728          |            |                            |
|                | DP_OP_13956J1_124_4728 |    |                            |
=============================================================================

Datapath Report for DP_OP_13954J1_122_9294
==============================================================================
| Cell                 | Contained Operations                                |
==============================================================================
| DP_OP_13954J1_122_9294 | add_86 (top.v:86) add_384 (top.v:384)             |
|                      | add_387 (top.v:387) eq_86 (top.v:86)                |
|                      | eq_384 (top.v:384)                                  |
==============================================================================

==============================================================================
|       |      | Data     |       |                                          |
| Var   | Type | Class    | Width | Expression                               |
==============================================================================
| I1    | PI   | Unsigned | 10    |                                          |
| I2    | PI   | Unsigned | 10    |                                          |
| O1    | PO   | Unsigned | 11    | I1 + $unsigned(1'b1) ( top.v:86 top.v:384 top.v:387 ) |
| O2    | PO   | Unsigned | 1     | O1 == I2 ( top.v:86 top.v:384 )          |
==============================================================================

Datapath Report for DP_OP_13955J1_123_9294
==============================================================================
| Cell                 | Contained Operations                                |
==============================================================================
| DP_OP_13955J1_123_9294 | add_87 (top.v:87) add_295 (top.v:295)             |
|                      | add_304 (top.v:304) add_313 (top.v:313)             |
|                      | add_323 (top.v:323) add_344 (top.v:344)             |
|                      | add_395 (top.v:395) eq_87 (top.v:87)                |
|                      | eq_344 (top.v:344) eq_395 (top.v:395)               |
==============================================================================

==============================================================================
|       |      | Data     |       |                                          |
| Var   | Type | Class    | Width | Expression                               |
==============================================================================
| I1    | PI   | Unsigned | 10    |                                          |
| I2    | PI   | Unsigned | 10    |                                          |
| O1    | PO   | Unsigned | 11    | I1 + $unsigned(1'b1) ( top.v:87 top.v:295 top.v:304 top.v:313 top.v:323 top.v:344 top.v:395 ) |
| O2    | PO   | Unsigned | 1     | O1 == I2 ( top.v:87 top.v:344 top.v:395 ) |
==============================================================================

Datapath Report for DP_OP_13956J1_124_4728
==============================================================================
| Cell                 | Contained Operations                                |
==============================================================================
| DP_OP_13956J1_124_4728 | sub_214 (top.v:214) eq_214 (top.v:214)            |
==============================================================================

==============================================================================
|       |      | Data     |       |                                          |
| Var   | Type | Class    | Width | Expression                               |
==============================================================================
| I1    | PI   | Unsigned | 10    |                                          |
| I2    | PI   | Unsigned | 10    |                                          |
| T8    | IFO  | Signed   | 11    | I1 - $unsigned(1'b1) (top.v:214)         |
| T1719 | IFO  | Signed   | 32    | T8                                       |
| O1    | PO   | Unsigned | 1     | I2 == $unsigned(T1719) (top.v:214)       |
==============================================================================


Implementation Report
===============================================================================
|                    |                  | Current            | Set            |
| Cell               | Module           | Implementation     | Implementation |
===============================================================================
| lt_x_1             | DW_cmp           | apparch (area)     |                |
| sub_x_2            | DW01_sub         | apparch (area)     |                |
| add_x_5            | DW01_add         | apparch (area)     |                |
| eq_x_1615          | DW_cmp           | apparch (area)     |                |
| eq_x_1616          | DW_cmp           | apparch (area)     |                |
| sub_x_1634         | DW01_dec         | apparch (area)     |                |
| add_x_1635         | DW01_inc         | apparch (area)     |                |
| lt_x_1689          | DW_cmp           | apparch (area)     |                |
| add_x_1608         | DW01_inc         | apparch (area)     |                |
| add_x_1628         | DW01_inc         | apparch (area)     |                |
| eq_x_1690          | DW_cmp           | apparch (area)     |                |
| DP_OP_13954J1_122_9294                |                    |                |
|                    | DP_OP_13954J1_122_9294 | str (area)   |                |
| DP_OP_13955J1_123_9294                |                    |                |
|                    | DP_OP_13955J1_123_9294 | str (area)   |                |
| DP_OP_13956J1_124_4728                |                    |                |
|                    | DP_OP_13956J1_124_4728 | str (area)   |                |
===============================================================================

 
****************************************
Design : bottleneck
****************************************

Resource Report for this hierarchy in file ../source/bottleneck.v
=============================================================================
| Cell           | Module         | Parameters | Contained Operations       |
=============================================================================
| add_x_1        | DW01_inc       | width=4    | add_38_S2 (bottleneck.v:38) |
| gte_x_2        | DW_cmp         | width=12   | gte_44 (bottleneck.v:44)   |
| gte_x_3        | DW_cmp         | width=12   | gte_47 (bottleneck.v:47)   |
=============================================================================


Implementation Report
===============================================================================
|                    |                  | Current            | Set            |
| Cell               | Module           | Implementation     | Implementation |
===============================================================================
| add_x_1            | DW01_inc         | apparch (area)     |                |
| gte_x_2            | DW_cmp           | apparch (area)     |                |
| gte_x_3            | DW_cmp           | apparch (area)     |                |
===============================================================================


No resource sharing information to report.
 
****************************************
Design : FSM
****************************************

No implementations to report
 
****************************************
Design : LIF
****************************************

Resource Report for this hierarchy in file ../source/SPOILER_LIF.v
=============================================================================
| Cell           | Module         | Parameters | Contained Operations       |
=============================================================================
| gte_x_2        | DW_cmp         | width=12   | gte_56 (SPOILER_LIF.v:56)  |
| DP_OP_26J2_122_6395             |            |                            |
|                | DP_OP_26J2_122_6395 |       |                            |
| DP_OP_27J2_123_6073             |            |                            |
|                | DP_OP_27J2_123_6073 |       |                            |
=============================================================================

Datapath Report for DP_OP_26J2_122_6395
==============================================================================
| Cell                 | Contained Operations                                |
==============================================================================
| DP_OP_26J2_122_6395  | add_53 (SPOILER_LIF.v:53)                           |
|                      | add_53_2 (SPOILER_LIF.v:53)                         |
|                      | add_55_3 (SPOILER_LIF.v:55)                         |
|                      | add_55_4 (SPOILER_LIF.v:55)                         |
==============================================================================

==============================================================================
|       |      | Data     |       |                                          |
| Var   | Type | Class    | Width | Expression                               |
==============================================================================
| I1    | PI   | Signed   | 12    |                                          |
| I2    | PI   | Signed   | 4     |                                          |
| I3    | PI   | Unsigned | 12    |                                          |
| I4    | PI   | Signed   | 11    |                                          |
| T25   | IFO  | Signed   | 12    | I1 + I2 ( SPOILER_LIF.v:53 SPOILER_LIF.v:55 ) |
| O1    | PO   | Unsigned | 12    | I3 + T25 (SPOILER_LIF.v:53)              |
| O2    | PO   | Signed   | 12    | I4 + T25 (SPOILER_LIF.v:55)              |
==============================================================================

Datapath Report for DP_OP_27J2_123_6073
==============================================================================
| Cell                 | Contained Operations                                |
==============================================================================
| DP_OP_27J2_123_6073  | add_55 (SPOILER_LIF.v:55)                           |
|                      | add_55_2 (SPOILER_LIF.v:55)                         |
|                      | lt_55 (SPOILER_LIF.v:55)                            |
==============================================================================

==============================================================================
|       |      | Data     |       |                                          |
| Var   | Type | Class    | Width | Expression                               |
==============================================================================
| I1    | PI   | Signed   | 11    |                                          |
| I2    | PI   | Signed   | 12    |                                          |
| I3    | PI   | Signed   | 4     |                                          |
| T18   | IFO  | Signed   | 14    | I1 + I2 + I3 (SPOILER_LIF.v:55)          |
| O1    | PO   | Signed   | 1     | T18 < $signed(5'b10000) (SPOILER_LIF.v:55) |
==============================================================================


Datapath Extraction Report

Information: Operator associated with resources 'add_55_3 (SPOILER_LIF.v:55) add_55_4 (SPOILER_LIF.v:55)' in design 'LIF' breaks the datapath extraction because there is leakage due to truncation on its fanout to operator of resources 'C118 (SPOILER_LIF.v:55)'.  (HDL-120)


Implementation Report
===============================================================================
|                    |                  | Current            | Set            |
| Cell               | Module           | Implementation     | Implementation |
===============================================================================
| gte_x_2            | DW_cmp           | apparch (area)     |                |
| DP_OP_26J2_122_6395                   |                    |                |
|                    | DP_OP_26J2_122_6395 | str (area)      |                |
| DP_OP_27J2_123_6073                   |                    |                |
|                    | DP_OP_27J2_123_6073 | str (area)      |                |
===============================================================================

 
****************************************
Design : spike_adder_controller
****************************************

Resource Report for this hierarchy in file ../source/spike_adder_controller.v
=============================================================================
| Cell           | Module         | Parameters | Contained Operations       |
=============================================================================
| eq_x_2         | DW_cmp         | width=4    | eq_83 (spike_adder_controller.v:83) |
| add_x_3        | DW01_inc       | width=4    | add_88 (spike_adder_controller.v:88) |
| add_x_6        | DW01_add       | width=12   | add_103 (spike_adder_controller.v:103) |
     |                |            | add_111 (spike_adder_controller.v:111) |
=============================================================================


Implementation Report
===============================================================================
|                    |                  | Current            | Set            |
| Cell               | Module           | Implementation     | Implementation |
===============================================================================
| eq_x_2             | DW_cmp           | apparch (area)     |                |
| add_x_3            | DW01_inc         | apparch (area)     |                |
| add_x_6            | DW01_add         | apparch (area)     |                |
===============================================================================


No resource sharing information to report.
 
****************************************
Design : _56to1_adder
****************************************

No implementations to report
 
****************************************
Design : _2to1_adder_3rd
****************************************

Resource Report for this hierarchy in file ../source/_56to1_adder.v
=============================================================================
| Cell           | Module         | Parameters | Contained Operations       |
=============================================================================
| add_x_1        | DW01_add       | width=11   | add_129 (_56to1_adder.v:129) |
=============================================================================


Implementation Report
===============================================================================
|                    |                  | Current            | Set            |
| Cell               | Module           | Implementation     | Implementation |
===============================================================================
| add_x_1            | DW01_add         | apparch (area)     |                |
===============================================================================

 
****************************************
Design : _2to1_adder_2nd_mydesign_0
****************************************

Resource Report for this hierarchy in file ../source/_56to1_adder.v
=============================================================================
| Cell           | Module         | Parameters | Contained Operations       |
=============================================================================
| add_x_1        | DW01_add       | width=10   | add_113 (_56to1_adder.v:113) |
=============================================================================


Implementation Report
===============================================================================
|                    |                  | Current            | Set            |
| Cell               | Module           | Implementation     | Implementation |
===============================================================================
| add_x_1            | DW01_add         | apparch (area)     |                |
===============================================================================

 
****************************************
Design : _2to1_adder_2nd_mydesign_1
****************************************

Resource Report for this hierarchy in file ../source/_56to1_adder.v
=============================================================================
| Cell           | Module         | Parameters | Contained Operations       |
=============================================================================
| add_x_1        | DW01_add       | width=10   | add_113 (_56to1_adder.v:113) |
=============================================================================


Implementation Report
===============================================================================
|                    |                  | Current            | Set            |
| Cell               | Module           | Implementation     | Implementation |
===============================================================================
| add_x_1            | DW01_add         | apparch (area)     |                |
===============================================================================

 
****************************************
Design : _2to1_adder_1st_mydesign_0
****************************************

Resource Report for this hierarchy in file ../source/_56to1_adder.v
=============================================================================
| Cell           | Module         | Parameters | Contained Operations       |
=============================================================================
| add_x_1        | DW01_add       | width=9    | add_97 (_56to1_adder.v:97) |
=============================================================================


Implementation Report
===============================================================================
|                    |                  | Current            | Set            |
| Cell               | Module           | Implementation     | Implementation |
===============================================================================
| add_x_1            | DW01_add         | apparch (area)     |                |
===============================================================================

 
****************************************
Design : _2to1_adder_1st_mydesign_1
****************************************

Resource Report for this hierarchy in file ../source/_56to1_adder.v
=============================================================================
| Cell           | Module         | Parameters | Contained Operations       |
=============================================================================
| add_x_1        | DW01_add       | width=9    | add_97 (_56to1_adder.v:97) |
=============================================================================


Implementation Report
===============================================================================
|                    |                  | Current            | Set            |
| Cell               | Module           | Implementation     | Implementation |
===============================================================================
| add_x_1            | DW01_add         | apparch (area)     |                |
===============================================================================

 
****************************************
Design : _2to1_adder_1st_mydesign_2
****************************************

Resource Report for this hierarchy in file ../source/_56to1_adder.v
=============================================================================
| Cell           | Module         | Parameters | Contained Operations       |
=============================================================================
| add_x_1        | DW01_add       | width=9    | add_97 (_56to1_adder.v:97) |
=============================================================================


Implementation Report
===============================================================================
|                    |                  | Current            | Set            |
| Cell               | Module           | Implementation     | Implementation |
===============================================================================
| add_x_1            | DW01_add         | apparch (area)     |                |
===============================================================================

 
****************************************
Design : _2to1_adder_1st_mydesign_3
****************************************

Resource Report for this hierarchy in file ../source/_56to1_adder.v
=============================================================================
| Cell           | Module         | Parameters | Contained Operations       |
=============================================================================
| add_x_1        | DW01_add       | width=9    | add_97 (_56to1_adder.v:97) |
=============================================================================


Implementation Report
===============================================================================
|                    |                  | Current            | Set            |
| Cell               | Module           | Implementation     | Implementation |
===============================================================================
| add_x_1            | DW01_add         | apparch (area)     |                |
===============================================================================

 
****************************************
Design : _7to1_adder_mydesign_0
****************************************

Resource Report for this hierarchy in file ../source/_56to1_adder.v
=============================================================================
| Cell           | Module         | Parameters | Contained Operations       |
=============================================================================
| add_x_8        | DW01_add       | width=8    | add_70 (_56to1_adder.v:70) |
=============================================================================


Implementation Report
===============================================================================
|                    |                  | Current            | Set            |
| Cell               | Module           | Implementation     | Implementation |
===============================================================================
| add_x_8            | DW01_add         | apparch (area)     |                |
===============================================================================


No resource sharing information to report.
 
****************************************
Design : csa_W11_mydesign_0
****************************************

No implementations to report

No resource sharing information to report.
 
****************************************
Design : csa_W10_mydesign_0
****************************************

No implementations to report

No resource sharing information to report.
 
****************************************
Design : csa_W9_mydesign_0
****************************************

No implementations to report

No resource sharing information to report.
 
****************************************
Design : csa_W8_mydesign_0
****************************************

No implementations to report

No resource sharing information to report.
 
****************************************
Design : csa_W8_mydesign_1
****************************************

No implementations to report
 
****************************************
Design : _7to1_adder_mydesign_1
****************************************

Resource Report for this hierarchy in file ../source/_56to1_adder.v
=============================================================================
| Cell           | Module         | Parameters | Contained Operations       |
=============================================================================
| add_x_8        | DW01_add       | width=8    | add_70 (_56to1_adder.v:70) |
=============================================================================


Implementation Report
===============================================================================
|                    |                  | Current            | Set            |
| Cell               | Module           | Implementation     | Implementation |
===============================================================================
| add_x_8            | DW01_add         | apparch (area)     |                |
===============================================================================


No resource sharing information to report.
 
****************************************
Design : csa_W11_mydesign_1
****************************************

No implementations to report

No resource sharing information to report.
 
****************************************
Design : csa_W10_mydesign_1
****************************************

No implementations to report

No resource sharing information to report.
 
****************************************
Design : csa_W9_mydesign_1
****************************************

No implementations to report

No resource sharing information to report.
 
****************************************
Design : csa_W8_mydesign_2
****************************************

No implementations to report

No resource sharing information to report.
 
****************************************
Design : csa_W8_mydesign_3
****************************************

No implementations to report
 
****************************************
Design : _7to1_adder_mydesign_2
****************************************

Resource Report for this hierarchy in file ../source/_56to1_adder.v
=============================================================================
| Cell           | Module         | Parameters | Contained Operations       |
=============================================================================
| add_x_8        | DW01_add       | width=8    | add_70 (_56to1_adder.v:70) |
=============================================================================


Implementation Report
===============================================================================
|                    |                  | Current            | Set            |
| Cell               | Module           | Implementation     | Implementation |
===============================================================================
| add_x_8            | DW01_add         | apparch (area)     |                |
===============================================================================


No resource sharing information to report.
 
****************************************
Design : csa_W11_mydesign_2
****************************************

No implementations to report

No resource sharing information to report.
 
****************************************
Design : csa_W10_mydesign_2
****************************************

No implementations to report

No resource sharing information to report.
 
****************************************
Design : csa_W9_mydesign_2
****************************************

No implementations to report

No resource sharing information to report.
 
****************************************
Design : csa_W8_mydesign_4
****************************************

No implementations to report

No resource sharing information to report.
 
****************************************
Design : csa_W8_mydesign_5
****************************************

No implementations to report
 
****************************************
Design : _7to1_adder_mydesign_3
****************************************

Resource Report for this hierarchy in file ../source/_56to1_adder.v
=============================================================================
| Cell           | Module         | Parameters | Contained Operations       |
=============================================================================
| add_x_8        | DW01_add       | width=8    | add_70 (_56to1_adder.v:70) |
=============================================================================


Implementation Report
===============================================================================
|                    |                  | Current            | Set            |
| Cell               | Module           | Implementation     | Implementation |
===============================================================================
| add_x_8            | DW01_add         | apparch (area)     |                |
===============================================================================


No resource sharing information to report.
 
****************************************
Design : csa_W11_mydesign_3
****************************************

No implementations to report

No resource sharing information to report.
 
****************************************
Design : csa_W10_mydesign_3
****************************************

No implementations to report

No resource sharing information to report.
 
****************************************
Design : csa_W9_mydesign_3
****************************************

No implementations to report

No resource sharing information to report.
 
****************************************
Design : csa_W8_mydesign_6
****************************************

No implementations to report

No resource sharing information to report.
 
****************************************
Design : csa_W8_mydesign_7
****************************************

No implementations to report
 
****************************************
Design : _7to1_adder_mydesign_4
****************************************

Resource Report for this hierarchy in file ../source/_56to1_adder.v
=============================================================================
| Cell           | Module         | Parameters | Contained Operations       |
=============================================================================
| add_x_8        | DW01_add       | width=8    | add_70 (_56to1_adder.v:70) |
=============================================================================


Implementation Report
===============================================================================
|                    |                  | Current            | Set            |
| Cell               | Module           | Implementation     | Implementation |
===============================================================================
| add_x_8            | DW01_add         | apparch (area)     |                |
===============================================================================


No resource sharing information to report.
 
****************************************
Design : csa_W11_mydesign_4
****************************************

No implementations to report

No resource sharing information to report.
 
****************************************
Design : csa_W10_mydesign_4
****************************************

No implementations to report

No resource sharing information to report.
 
****************************************
Design : csa_W9_mydesign_4
****************************************

No implementations to report

No resource sharing information to report.
 
****************************************
Design : csa_W8_mydesign_8
****************************************

No implementations to report

No resource sharing information to report.
 
****************************************
Design : csa_W8_mydesign_9
****************************************

No implementations to report
 
****************************************
Design : _7to1_adder_mydesign_5
****************************************

Resource Report for this hierarchy in file ../source/_56to1_adder.v
=============================================================================
| Cell           | Module         | Parameters | Contained Operations       |
=============================================================================
| add_x_8        | DW01_add       | width=8    | add_70 (_56to1_adder.v:70) |
=============================================================================


Implementation Report
===============================================================================
|                    |                  | Current            | Set            |
| Cell               | Module           | Implementation     | Implementation |
===============================================================================
| add_x_8            | DW01_add         | apparch (area)     |                |
===============================================================================


No resource sharing information to report.
 
****************************************
Design : csa_W11_mydesign_5
****************************************

No implementations to report

No resource sharing information to report.
 
****************************************
Design : csa_W10_mydesign_5
****************************************

No implementations to report

No resource sharing information to report.
 
****************************************
Design : csa_W9_mydesign_5
****************************************

No implementations to report

No resource sharing information to report.
 
****************************************
Design : csa_W8_mydesign_10
****************************************

No implementations to report

No resource sharing information to report.
 
****************************************
Design : csa_W8_mydesign_11
****************************************

No implementations to report
 
****************************************
Design : _7to1_adder_mydesign_6
****************************************

Resource Report for this hierarchy in file ../source/_56to1_adder.v
=============================================================================
| Cell           | Module         | Parameters | Contained Operations       |
=============================================================================
| add_x_8        | DW01_add       | width=8    | add_70 (_56to1_adder.v:70) |
=============================================================================


Implementation Report
===============================================================================
|                    |                  | Current            | Set            |
| Cell               | Module           | Implementation     | Implementation |
===============================================================================
| add_x_8            | DW01_add         | apparch (area)     |                |
===============================================================================


No resource sharing information to report.
 
****************************************
Design : csa_W11_mydesign_6
****************************************

No implementations to report

No resource sharing information to report.
 
****************************************
Design : csa_W10_mydesign_6
****************************************

No implementations to report

No resource sharing information to report.
 
****************************************
Design : csa_W9_mydesign_6
****************************************

No implementations to report

No resource sharing information to report.
 
****************************************
Design : csa_W8_mydesign_12
****************************************

No implementations to report

No resource sharing information to report.
 
****************************************
Design : csa_W8_mydesign_13
****************************************

No implementations to report
 
****************************************
Design : _7to1_adder_mydesign_7
****************************************

Resource Report for this hierarchy in file ../source/_56to1_adder.v
=============================================================================
| Cell           | Module         | Parameters | Contained Operations       |
=============================================================================
| add_x_8        | DW01_add       | width=8    | add_70 (_56to1_adder.v:70) |
=============================================================================


Implementation Report
===============================================================================
|                    |                  | Current            | Set            |
| Cell               | Module           | Implementation     | Implementation |
===============================================================================
| add_x_8            | DW01_add         | apparch (area)     |                |
===============================================================================


No resource sharing information to report.
 
****************************************
Design : csa_W11_mydesign_7
****************************************

No implementations to report

No resource sharing information to report.
 
****************************************
Design : csa_W10_mydesign_7
****************************************

No implementations to report

No resource sharing information to report.
 
****************************************
Design : csa_W9_mydesign_7
****************************************

No implementations to report

No resource sharing information to report.
 
****************************************
Design : csa_W8_mydesign_14
****************************************

No implementations to report

No resource sharing information to report.
 
****************************************
Design : csa_W8_mydesign_15
****************************************

No implementations to report
1
